#
# There is insufficient memory for the Java Runtime Environment to continue.
# Native memory allocation (malloc) failed to allocate 32744 bytes for Chunk::new
# Possible reasons:
#   The system is out of physical RAM or swap space
#   The process is running with CompressedOops enabled, and the Java Heap may be blocking the growth of the native heap
# Possible solutions:
#   Reduce memory load on the system
#   Increase physical memory or swap space
#   Check if swap backing store is full
#   Decrease Java heap size (-Xmx/-Xms)
#   Decrease number of Java threads
#   Decrease Java thread stack sizes (-Xss)
#   Set larger code cache with -XX:ReservedCodeCacheSize=
#   JVM is running with Zero Based Compressed Oops mode in which the Java heap is
#     placed in the first 32GB address space. The Java Heap base address is the
#     maximum limit for the native heap growth. Please use -XX:HeapBaseMinAddress
#     to set the Java Heap base and to place the Java Heap above 32GB virtual address.
# This output file may be truncated or incomplete.
#
#  Out of Memory Error (arena.cpp:184), pid=20204, tid=5724
#
# JRE version: OpenJDK Runtime Environment (19.0.2+7) (build 19.0.2+7-44)
# Java VM: OpenJDK 64-Bit Server VM (19.0.2+7-44, mixed mode, sharing, tiered, compressed oops, compressed class ptrs, g1 gc, windows-amd64)
# No core dump will be written. Minidumps are not enabled by default on client versions of Windows
#

---------------  S U M M A R Y ------------

Command Line: -javaagent:C:\Program Files\JetBrains\IntelliJ IDEA Community Edition 2022.3.2\lib\idea_rt.jar=61402:C:\Program Files\JetBrains\IntelliJ IDEA Community Edition 2022.3.2\bin -Dfile.encoding=UTF-8 -Dsun.stdout.encoding=UTF-8 -Dsun.stderr.encoding=UTF-8 Calculator

Host: Intel(R) Core(TM) i5-9300H CPU @ 2.40GHz, 8 cores, 15G,  Windows 11 , 64 bit Build 22621 (10.0.22621.2070)
Time: Tue Aug 29 17:49:11 2023  Windows 11 , 64 bit Build 22621 (10.0.22621.2070) elapsed time: 1.724114 seconds (0d 0h 0m 1s)

---------------  T H R E A D  ---------------

Current thread (0x0000021a3ceeb700):  JavaThread "C2 CompilerThread0" daemon [_thread_in_vm, id=5724, stack(0x000000d5c3c00000,0x000000d5c3d00000)]


Current CompileTask:
C2:   1724  966       4       java.util.HashMap::getNode (150 bytes)

Stack: [0x000000d5c3c00000,0x000000d5c3d00000]
Native frames: (J=compiled Java code, j=interpreted, Vv=VM code, C=native code)
V  [jvm.dll+0x6ee21a]
V  [jvm.dll+0x85765e]
V  [jvm.dll+0x85904e]
V  [jvm.dll+0x859703]
V  [jvm.dll+0x28298f]
V  [jvm.dll+0xc9adf]
V  [jvm.dll+0xc9e65]
V  [jvm.dll+0x207e3b]
V  [jvm.dll+0x1f40fd]
V  [jvm.dll+0x25b0d1]
V  [jvm.dll+0x2596e8]
V  [jvm.dll+0x807588]
V  [jvm.dll+0x80125a]
V  [jvm.dll+0x6ecf0b]
C  [ucrtbase.dll+0x29363]
C  [KERNEL32.DLL+0x126ad]
C  [ntdll.dll+0x5aa68]


---------------  P R O C E S S  ---------------

Threads class SMR info:
_java_thread_list=0x0000021a42154090, length=17, elements={
0x0000021a3ced90d0, 0x0000021a3cedbc10, 0x0000021a3cee10d0, 0x0000021a3cee3f20,
0x0000021a3cee4850, 0x0000021a3cee5180, 0x0000021a3ceeb700, 0x0000021a3cef4080,
0x0000021a3cef49f0, 0x0000021a411ec210, 0x0000021a412c5520, 0x0000021a412c5a60,
0x0000021a41472dd0, 0x0000021a41474310, 0x0000021a41474860, 0x0000021a41471890,
0x0000021a41473dc0
}

Java Threads: ( => current thread )
  0x0000021a3ced90d0 JavaThread "Reference Handler" daemon [_thread_blocked, id=12496, stack(0x000000d5c3600000,0x000000d5c3700000)]
  0x0000021a3cedbc10 JavaThread "Finalizer" daemon [_thread_blocked, id=8924, stack(0x000000d5c3700000,0x000000d5c3800000)]
  0x0000021a3cee10d0 JavaThread "Signal Dispatcher" daemon [_thread_blocked, id=5168, stack(0x000000d5c3800000,0x000000d5c3900000)]
  0x0000021a3cee3f20 JavaThread "Attach Listener" daemon [_thread_blocked, id=6284, stack(0x000000d5c3900000,0x000000d5c3a00000)]
  0x0000021a3cee4850 JavaThread "Service Thread" daemon [_thread_blocked, id=4788, stack(0x000000d5c3a00000,0x000000d5c3b00000)]
  0x0000021a3cee5180 JavaThread "Monitor Deflation Thread" daemon [_thread_blocked, id=13184, stack(0x000000d5c3b00000,0x000000d5c3c00000)]
=>0x0000021a3ceeb700 JavaThread "C2 CompilerThread0" daemon [_thread_in_vm, id=5724, stack(0x000000d5c3c00000,0x000000d5c3d00000)]
  0x0000021a3cef4080 JavaThread "C1 CompilerThread0" daemon [_thread_in_native, id=18568, stack(0x000000d5c3d00000,0x000000d5c3e00000)]
  0x0000021a3cef49f0 JavaThread "Sweeper thread" daemon [_thread_blocked, id=2496, stack(0x000000d5c3e00000,0x000000d5c3f00000)]
  0x0000021a411ec210 JavaThread "Common-Cleaner" daemon [_thread_blocked, id=9384, stack(0x000000d5c3f00000,0x000000d5c4000000)]
  0x0000021a412c5520 JavaThread "Monitor Ctrl-Break" daemon [_thread_in_native, id=648, stack(0x000000d5c4000000,0x000000d5c4100000)]
  0x0000021a412c5a60 JavaThread "Notification Thread" daemon [_thread_blocked, id=11996, stack(0x000000d5c4100000,0x000000d5c4200000)]
  0x0000021a41472dd0 JavaThread "Java2D Disposer" daemon [_thread_blocked, id=10508, stack(0x000000d5c4300000,0x000000d5c4400000)]
  0x0000021a41474310 JavaThread "AWT-Shutdown" [_thread_blocked, id=17376, stack(0x000000d5c4400000,0x000000d5c4500000)]
  0x0000021a41474860 JavaThread "AWT-Windows" daemon [_thread_in_native, id=19832, stack(0x000000d5c4500000,0x000000d5c4600000)]
  0x0000021a41471890 JavaThread "AWT-EventQueue-0" [_thread_blocked, id=13072, stack(0x000000d5c4800000,0x000000d5c4900000)]
  0x0000021a41473dc0 JavaThread "DestroyJavaVM" [_thread_blocked, id=16536, stack(0x000000d5c2f00000,0x000000d5c3000000)]

Other Threads:
  0x0000021a3cebcb00 VMThread "VM Thread" [stack: 0x000000d5c3500000,0x000000d5c3600000] [id=8336]
  0x0000021a17c0cf60 WatcherThread "VM Periodic Task Thread" [stack: 0x000000d5c4200000,0x000000d5c4300000] [id=17932]
  0x0000021a17c7abb0 WorkerThread "GC Thread#0" [stack: 0x000000d5c3000000,0x000000d5c3100000] [id=14260]
  0x0000021a17c8db20 ConcurrentGCThread "G1 Main Marker" [stack: 0x000000d5c3100000,0x000000d5c3200000] [id=10356]
  0x0000021a17c8ecf0 WorkerThread "G1 Conc#0" [stack: 0x000000d5c3200000,0x000000d5c3300000] [id=15540]
  0x0000021a17ccea40 ConcurrentGCThread "G1 Refine#0" [stack: 0x000000d5c3300000,0x000000d5c3400000] [id=4668]
  0x0000021a3cd75670 ConcurrentGCThread "G1 Service" [stack: 0x000000d5c3400000,0x000000d5c3500000] [id=14604]

Threads with active compile tasks:
C2 CompilerThread0     1743  966       4       java.util.HashMap::getNode (150 bytes)
C1 CompilerThread0     1743  963   !   3       java.awt.DefaultKeyboardFocusManager::dispatchEvent (1625 bytes)

VM state: not at safepoint (normal execution)

VM Mutex/Monitor currently owned by a thread: None

Heap address: 0x0000000703000000, size: 4048 MB, Compressed Oops mode: Zero based, Oop shift amount: 3

CDS archive(s) mapped at: [0x0000000800000000-0x0000000800c40000-0x0000000800c40000), size 12845056, SharedBaseAddress: 0x0000000800000000, ArchiveRelocationMode: 0.
Compressed class space mapped at: 0x0000000801000000-0x0000000841000000, reserved size: 1073741824
Narrow klass base: 0x0000000800000000, Narrow klass shift: 0, Narrow klass range: 0x100000000

GC Precious Log:
 CardTable entry size: 512
 Card Set container configuration: InlinePtr #cards 4 size 8 Array Of Cards #cards 16 size 48 Howl #buckets 8 coarsen threshold 3686 Howl Bitmap #cards 512 size 80 coarsen threshold 460 Card regions per heap region 1 cards per card region 4096
 CPUs: 8 total, 8 available
 Memory: 16184M
 Large Page Support: Disabled
 NUMA Support: Disabled
 Compressed Oops: Enabled (Zero based)
 Heap Region Size: 2M
 Heap Min Capacity: 8M
 Heap Initial Capacity: 254M
 Heap Max Capacity: 4048M
 Pre-touch: Disabled
 Parallel Workers: 8
 Concurrent Workers: 2
 Concurrent Refinement Workers: 8
 Periodic GC: Disabled

Heap:
 garbage-first heap   total 260096K, used 10240K [0x0000000703000000, 0x0000000800000000)
  region size 2048K, 6 young (12288K), 0 survivors (0K)
 Metaspace       used 8090K, committed 8384K, reserved 1114112K
  class space    used 870K, committed 1024K, reserved 1048576K

Heap Regions: E=young(eden), S=young(survivor), O=old, HS=humongous(starts), HC=humongous(continues), CS=collection set, F=free, OA=open archive, CA=closed archive, TAMS=top-at-mark-start (previous, next)
|   0|0x0000000703000000, 0x0000000703000000, 0x0000000703200000|  0%| F|  |TAMS 0x0000000703000000, 0x0000000703000000| Untracked 
|   1|0x0000000703200000, 0x0000000703200000, 0x0000000703400000|  0%| F|  |TAMS 0x0000000703200000, 0x0000000703200000| Untracked 
|   2|0x0000000703400000, 0x0000000703400000, 0x0000000703600000|  0%| F|  |TAMS 0x0000000703400000, 0x0000000703400000| Untracked 
|   3|0x0000000703600000, 0x0000000703600000, 0x0000000703800000|  0%| F|  |TAMS 0x0000000703600000, 0x0000000703600000| Untracked 
|   4|0x0000000703800000, 0x0000000703800000, 0x0000000703a00000|  0%| F|  |TAMS 0x0000000703800000, 0x0000000703800000| Untracked 
|   5|0x0000000703a00000, 0x0000000703a00000, 0x0000000703c00000|  0%| F|  |TAMS 0x0000000703a00000, 0x0000000703a00000| Untracked 
|   6|0x0000000703c00000, 0x0000000703c00000, 0x0000000703e00000|  0%| F|  |TAMS 0x0000000703c00000, 0x0000000703c00000| Untracked 
|   7|0x0000000703e00000, 0x0000000703e00000, 0x0000000704000000|  0%| F|  |TAMS 0x0000000703e00000, 0x0000000703e00000| Untracked 
|   8|0x0000000704000000, 0x0000000704000000, 0x0000000704200000|  0%| F|  |TAMS 0x0000000704000000, 0x0000000704000000| Untracked 
|   9|0x0000000704200000, 0x0000000704200000, 0x0000000704400000|  0%| F|  |TAMS 0x0000000704200000, 0x0000000704200000| Untracked 
|  10|0x0000000704400000, 0x0000000704400000, 0x0000000704600000|  0%| F|  |TAMS 0x0000000704400000, 0x0000000704400000| Untracked 
|  11|0x0000000704600000, 0x0000000704600000, 0x0000000704800000|  0%| F|  |TAMS 0x0000000704600000, 0x0000000704600000| Untracked 
|  12|0x0000000704800000, 0x0000000704800000, 0x0000000704a00000|  0%| F|  |TAMS 0x0000000704800000, 0x0000000704800000| Untracked 
|  13|0x0000000704a00000, 0x0000000704a00000, 0x0000000704c00000|  0%| F|  |TAMS 0x0000000704a00000, 0x0000000704a00000| Untracked 
|  14|0x0000000704c00000, 0x0000000704c00000, 0x0000000704e00000|  0%| F|  |TAMS 0x0000000704c00000, 0x0000000704c00000| Untracked 
|  15|0x0000000704e00000, 0x0000000704e00000, 0x0000000705000000|  0%| F|  |TAMS 0x0000000704e00000, 0x0000000704e00000| Untracked 
|  16|0x0000000705000000, 0x0000000705000000, 0x0000000705200000|  0%| F|  |TAMS 0x0000000705000000, 0x0000000705000000| Untracked 
|  17|0x0000000705200000, 0x0000000705200000, 0x0000000705400000|  0%| F|  |TAMS 0x0000000705200000, 0x0000000705200000| Untracked 
|  18|0x0000000705400000, 0x0000000705400000, 0x0000000705600000|  0%| F|  |TAMS 0x0000000705400000, 0x0000000705400000| Untracked 
|  19|0x0000000705600000, 0x0000000705600000, 0x0000000705800000|  0%| F|  |TAMS 0x0000000705600000, 0x0000000705600000| Untracked 
|  20|0x0000000705800000, 0x0000000705800000, 0x0000000705a00000|  0%| F|  |TAMS 0x0000000705800000, 0x0000000705800000| Untracked 
|  21|0x0000000705a00000, 0x0000000705a00000, 0x0000000705c00000|  0%| F|  |TAMS 0x0000000705a00000, 0x0000000705a00000| Untracked 
|  22|0x0000000705c00000, 0x0000000705c00000, 0x0000000705e00000|  0%| F|  |TAMS 0x0000000705c00000, 0x0000000705c00000| Untracked 
|  23|0x0000000705e00000, 0x0000000705e00000, 0x0000000706000000|  0%| F|  |TAMS 0x0000000705e00000, 0x0000000705e00000| Untracked 
|  24|0x0000000706000000, 0x0000000706000000, 0x0000000706200000|  0%| F|  |TAMS 0x0000000706000000, 0x0000000706000000| Untracked 
|  25|0x0000000706200000, 0x0000000706200000, 0x0000000706400000|  0%| F|  |TAMS 0x0000000706200000, 0x0000000706200000| Untracked 
|  26|0x0000000706400000, 0x0000000706400000, 0x0000000706600000|  0%| F|  |TAMS 0x0000000706400000, 0x0000000706400000| Untracked 
|  27|0x0000000706600000, 0x0000000706600000, 0x0000000706800000|  0%| F|  |TAMS 0x0000000706600000, 0x0000000706600000| Untracked 
|  28|0x0000000706800000, 0x0000000706800000, 0x0000000706a00000|  0%| F|  |TAMS 0x0000000706800000, 0x0000000706800000| Untracked 
|  29|0x0000000706a00000, 0x0000000706a00000, 0x0000000706c00000|  0%| F|  |TAMS 0x0000000706a00000, 0x0000000706a00000| Untracked 
|  30|0x0000000706c00000, 0x0000000706c00000, 0x0000000706e00000|  0%| F|  |TAMS 0x0000000706c00000, 0x0000000706c00000| Untracked 
|  31|0x0000000706e00000, 0x0000000706e00000, 0x0000000707000000|  0%| F|  |TAMS 0x0000000706e00000, 0x0000000706e00000| Untracked 
|  32|0x0000000707000000, 0x0000000707000000, 0x0000000707200000|  0%| F|  |TAMS 0x0000000707000000, 0x0000000707000000| Untracked 
|  33|0x0000000707200000, 0x0000000707200000, 0x0000000707400000|  0%| F|  |TAMS 0x0000000707200000, 0x0000000707200000| Untracked 
|  34|0x0000000707400000, 0x0000000707400000, 0x0000000707600000|  0%| F|  |TAMS 0x0000000707400000, 0x0000000707400000| Untracked 
|  35|0x0000000707600000, 0x0000000707600000, 0x0000000707800000|  0%| F|  |TAMS 0x0000000707600000, 0x0000000707600000| Untracked 
|  36|0x0000000707800000, 0x0000000707800000, 0x0000000707a00000|  0%| F|  |TAMS 0x0000000707800000, 0x0000000707800000| Untracked 
|  37|0x0000000707a00000, 0x0000000707a00000, 0x0000000707c00000|  0%| F|  |TAMS 0x0000000707a00000, 0x0000000707a00000| Untracked 
|  38|0x0000000707c00000, 0x0000000707c00000, 0x0000000707e00000|  0%| F|  |TAMS 0x0000000707c00000, 0x0000000707c00000| Untracked 
|  39|0x0000000707e00000, 0x0000000707e00000, 0x0000000708000000|  0%| F|  |TAMS 0x0000000707e00000, 0x0000000707e00000| Untracked 
|  40|0x0000000708000000, 0x0000000708000000, 0x0000000708200000|  0%| F|  |TAMS 0x0000000708000000, 0x0000000708000000| Untracked 
|  41|0x0000000708200000, 0x0000000708200000, 0x0000000708400000|  0%| F|  |TAMS 0x0000000708200000, 0x0000000708200000| Untracked 
|  42|0x0000000708400000, 0x0000000708400000, 0x0000000708600000|  0%| F|  |TAMS 0x0000000708400000, 0x0000000708400000| Untracked 
|  43|0x0000000708600000, 0x0000000708600000, 0x0000000708800000|  0%| F|  |TAMS 0x0000000708600000, 0x0000000708600000| Untracked 
|  44|0x0000000708800000, 0x0000000708800000, 0x0000000708a00000|  0%| F|  |TAMS 0x0000000708800000, 0x0000000708800000| Untracked 
|  45|0x0000000708a00000, 0x0000000708a00000, 0x0000000708c00000|  0%| F|  |TAMS 0x0000000708a00000, 0x0000000708a00000| Untracked 
|  46|0x0000000708c00000, 0x0000000708c00000, 0x0000000708e00000|  0%| F|  |TAMS 0x0000000708c00000, 0x0000000708c00000| Untracked 
|  47|0x0000000708e00000, 0x0000000708e00000, 0x0000000709000000|  0%| F|  |TAMS 0x0000000708e00000, 0x0000000708e00000| Untracked 
|  48|0x0000000709000000, 0x0000000709000000, 0x0000000709200000|  0%| F|  |TAMS 0x0000000709000000, 0x0000000709000000| Untracked 
|  49|0x0000000709200000, 0x0000000709200000, 0x0000000709400000|  0%| F|  |TAMS 0x0000000709200000, 0x0000000709200000| Untracked 
|  50|0x0000000709400000, 0x0000000709400000, 0x0000000709600000|  0%| F|  |TAMS 0x0000000709400000, 0x0000000709400000| Untracked 
|  51|0x0000000709600000, 0x0000000709600000, 0x0000000709800000|  0%| F|  |TAMS 0x0000000709600000, 0x0000000709600000| Untracked 
|  52|0x0000000709800000, 0x0000000709800000, 0x0000000709a00000|  0%| F|  |TAMS 0x0000000709800000, 0x0000000709800000| Untracked 
|  53|0x0000000709a00000, 0x0000000709a00000, 0x0000000709c00000|  0%| F|  |TAMS 0x0000000709a00000, 0x0000000709a00000| Untracked 
|  54|0x0000000709c00000, 0x0000000709c00000, 0x0000000709e00000|  0%| F|  |TAMS 0x0000000709c00000, 0x0000000709c00000| Untracked 
|  55|0x0000000709e00000, 0x0000000709e00000, 0x000000070a000000|  0%| F|  |TAMS 0x0000000709e00000, 0x0000000709e00000| Untracked 
|  56|0x000000070a000000, 0x000000070a000000, 0x000000070a200000|  0%| F|  |TAMS 0x000000070a000000, 0x000000070a000000| Untracked 
|  57|0x000000070a200000, 0x000000070a200000, 0x000000070a400000|  0%| F|  |TAMS 0x000000070a200000, 0x000000070a200000| Untracked 
|  58|0x000000070a400000, 0x000000070a400000, 0x000000070a600000|  0%| F|  |TAMS 0x000000070a400000, 0x000000070a400000| Untracked 
|  59|0x000000070a600000, 0x000000070a600000, 0x000000070a800000|  0%| F|  |TAMS 0x000000070a600000, 0x000000070a600000| Untracked 
|  60|0x000000070a800000, 0x000000070a800000, 0x000000070aa00000|  0%| F|  |TAMS 0x000000070a800000, 0x000000070a800000| Untracked 
|  61|0x000000070aa00000, 0x000000070aa00000, 0x000000070ac00000|  0%| F|  |TAMS 0x000000070aa00000, 0x000000070aa00000| Untracked 
|  62|0x000000070ac00000, 0x000000070ac00000, 0x000000070ae00000|  0%| F|  |TAMS 0x000000070ac00000, 0x000000070ac00000| Untracked 
|  63|0x000000070ae00000, 0x000000070ae00000, 0x000000070b000000|  0%| F|  |TAMS 0x000000070ae00000, 0x000000070ae00000| Untracked 
|  64|0x000000070b000000, 0x000000070b000000, 0x000000070b200000|  0%| F|  |TAMS 0x000000070b000000, 0x000000070b000000| Untracked 
|  65|0x000000070b200000, 0x000000070b200000, 0x000000070b400000|  0%| F|  |TAMS 0x000000070b200000, 0x000000070b200000| Untracked 
|  66|0x000000070b400000, 0x000000070b400000, 0x000000070b600000|  0%| F|  |TAMS 0x000000070b400000, 0x000000070b400000| Untracked 
|  67|0x000000070b600000, 0x000000070b600000, 0x000000070b800000|  0%| F|  |TAMS 0x000000070b600000, 0x000000070b600000| Untracked 
|  68|0x000000070b800000, 0x000000070b800000, 0x000000070ba00000|  0%| F|  |TAMS 0x000000070b800000, 0x000000070b800000| Untracked 
|  69|0x000000070ba00000, 0x000000070ba00000, 0x000000070bc00000|  0%| F|  |TAMS 0x000000070ba00000, 0x000000070ba00000| Untracked 
|  70|0x000000070bc00000, 0x000000070bc00000, 0x000000070be00000|  0%| F|  |TAMS 0x000000070bc00000, 0x000000070bc00000| Untracked 
|  71|0x000000070be00000, 0x000000070be00000, 0x000000070c000000|  0%| F|  |TAMS 0x000000070be00000, 0x000000070be00000| Untracked 
|  72|0x000000070c000000, 0x000000070c000000, 0x000000070c200000|  0%| F|  |TAMS 0x000000070c000000, 0x000000070c000000| Untracked 
|  73|0x000000070c200000, 0x000000070c200000, 0x000000070c400000|  0%| F|  |TAMS 0x000000070c200000, 0x000000070c200000| Untracked 
|  74|0x000000070c400000, 0x000000070c400000, 0x000000070c600000|  0%| F|  |TAMS 0x000000070c400000, 0x000000070c400000| Untracked 
|  75|0x000000070c600000, 0x000000070c600000, 0x000000070c800000|  0%| F|  |TAMS 0x000000070c600000, 0x000000070c600000| Untracked 
|  76|0x000000070c800000, 0x000000070c800000, 0x000000070ca00000|  0%| F|  |TAMS 0x000000070c800000, 0x000000070c800000| Untracked 
|  77|0x000000070ca00000, 0x000000070ca00000, 0x000000070cc00000|  0%| F|  |TAMS 0x000000070ca00000, 0x000000070ca00000| Untracked 
|  78|0x000000070cc00000, 0x000000070cc00000, 0x000000070ce00000|  0%| F|  |TAMS 0x000000070cc00000, 0x000000070cc00000| Untracked 
|  79|0x000000070ce00000, 0x000000070ce00000, 0x000000070d000000|  0%| F|  |TAMS 0x000000070ce00000, 0x000000070ce00000| Untracked 
|  80|0x000000070d000000, 0x000000070d000000, 0x000000070d200000|  0%| F|  |TAMS 0x000000070d000000, 0x000000070d000000| Untracked 
|  81|0x000000070d200000, 0x000000070d200000, 0x000000070d400000|  0%| F|  |TAMS 0x000000070d200000, 0x000000070d200000| Untracked 
|  82|0x000000070d400000, 0x000000070d400000, 0x000000070d600000|  0%| F|  |TAMS 0x000000070d400000, 0x000000070d400000| Untracked 
|  83|0x000000070d600000, 0x000000070d600000, 0x000000070d800000|  0%| F|  |TAMS 0x000000070d600000, 0x000000070d600000| Untracked 
|  84|0x000000070d800000, 0x000000070d800000, 0x000000070da00000|  0%| F|  |TAMS 0x000000070d800000, 0x000000070d800000| Untracked 
|  85|0x000000070da00000, 0x000000070da00000, 0x000000070dc00000|  0%| F|  |TAMS 0x000000070da00000, 0x000000070da00000| Untracked 
|  86|0x000000070dc00000, 0x000000070dc00000, 0x000000070de00000|  0%| F|  |TAMS 0x000000070dc00000, 0x000000070dc00000| Untracked 
|  87|0x000000070de00000, 0x000000070de00000, 0x000000070e000000|  0%| F|  |TAMS 0x000000070de00000, 0x000000070de00000| Untracked 
|  88|0x000000070e000000, 0x000000070e000000, 0x000000070e200000|  0%| F|  |TAMS 0x000000070e000000, 0x000000070e000000| Untracked 
|  89|0x000000070e200000, 0x000000070e200000, 0x000000070e400000|  0%| F|  |TAMS 0x000000070e200000, 0x000000070e200000| Untracked 
|  90|0x000000070e400000, 0x000000070e400000, 0x000000070e600000|  0%| F|  |TAMS 0x000000070e400000, 0x000000070e400000| Untracked 
|  91|0x000000070e600000, 0x000000070e600000, 0x000000070e800000|  0%| F|  |TAMS 0x000000070e600000, 0x000000070e600000| Untracked 
|  92|0x000000070e800000, 0x000000070e800000, 0x000000070ea00000|  0%| F|  |TAMS 0x000000070e800000, 0x000000070e800000| Untracked 
|  93|0x000000070ea00000, 0x000000070ea00000, 0x000000070ec00000|  0%| F|  |TAMS 0x000000070ea00000, 0x000000070ea00000| Untracked 
|  94|0x000000070ec00000, 0x000000070ec00000, 0x000000070ee00000|  0%| F|  |TAMS 0x000000070ec00000, 0x000000070ec00000| Untracked 
|  95|0x000000070ee00000, 0x000000070ee00000, 0x000000070f000000|  0%| F|  |TAMS 0x000000070ee00000, 0x000000070ee00000| Untracked 
|  96|0x000000070f000000, 0x000000070f000000, 0x000000070f200000|  0%| F|  |TAMS 0x000000070f000000, 0x000000070f000000| Untracked 
|  97|0x000000070f200000, 0x000000070f200000, 0x000000070f400000|  0%| F|  |TAMS 0x000000070f200000, 0x000000070f200000| Untracked 
|  98|0x000000070f400000, 0x000000070f400000, 0x000000070f600000|  0%| F|  |TAMS 0x000000070f400000, 0x000000070f400000| Untracked 
|  99|0x000000070f600000, 0x000000070f600000, 0x000000070f800000|  0%| F|  |TAMS 0x000000070f600000, 0x000000070f600000| Untracked 
| 100|0x000000070f800000, 0x000000070f800000, 0x000000070fa00000|  0%| F|  |TAMS 0x000000070f800000, 0x000000070f800000| Untracked 
| 101|0x000000070fa00000, 0x000000070fa00000, 0x000000070fc00000|  0%| F|  |TAMS 0x000000070fa00000, 0x000000070fa00000| Untracked 
| 102|0x000000070fc00000, 0x000000070fc00000, 0x000000070fe00000|  0%| F|  |TAMS 0x000000070fc00000, 0x000000070fc00000| Untracked 
| 103|0x000000070fe00000, 0x000000070fe00000, 0x0000000710000000|  0%| F|  |TAMS 0x000000070fe00000, 0x000000070fe00000| Untracked 
| 104|0x0000000710000000, 0x0000000710000000, 0x0000000710200000|  0%| F|  |TAMS 0x0000000710000000, 0x0000000710000000| Untracked 
| 105|0x0000000710200000, 0x0000000710200000, 0x0000000710400000|  0%| F|  |TAMS 0x0000000710200000, 0x0000000710200000| Untracked 
| 106|0x0000000710400000, 0x0000000710400000, 0x0000000710600000|  0%| F|  |TAMS 0x0000000710400000, 0x0000000710400000| Untracked 
| 107|0x0000000710600000, 0x0000000710600000, 0x0000000710800000|  0%| F|  |TAMS 0x0000000710600000, 0x0000000710600000| Untracked 
| 108|0x0000000710800000, 0x0000000710800000, 0x0000000710a00000|  0%| F|  |TAMS 0x0000000710800000, 0x0000000710800000| Untracked 
| 109|0x0000000710a00000, 0x0000000710a00000, 0x0000000710c00000|  0%| F|  |TAMS 0x0000000710a00000, 0x0000000710a00000| Untracked 
| 110|0x0000000710c00000, 0x0000000710c00000, 0x0000000710e00000|  0%| F|  |TAMS 0x0000000710c00000, 0x0000000710c00000| Untracked 
| 111|0x0000000710e00000, 0x0000000710e00000, 0x0000000711000000|  0%| F|  |TAMS 0x0000000710e00000, 0x0000000710e00000| Untracked 
| 112|0x0000000711000000, 0x0000000711000000, 0x0000000711200000|  0%| F|  |TAMS 0x0000000711000000, 0x0000000711000000| Untracked 
| 113|0x0000000711200000, 0x0000000711200000, 0x0000000711400000|  0%| F|  |TAMS 0x0000000711200000, 0x0000000711200000| Untracked 
| 114|0x0000000711400000, 0x0000000711400000, 0x0000000711600000|  0%| F|  |TAMS 0x0000000711400000, 0x0000000711400000| Untracked 
| 115|0x0000000711600000, 0x0000000711600000, 0x0000000711800000|  0%| F|  |TAMS 0x0000000711600000, 0x0000000711600000| Untracked 
| 116|0x0000000711800000, 0x0000000711800000, 0x0000000711a00000|  0%| F|  |TAMS 0x0000000711800000, 0x0000000711800000| Untracked 
| 117|0x0000000711a00000, 0x0000000711a00000, 0x0000000711c00000|  0%| F|  |TAMS 0x0000000711a00000, 0x0000000711a00000| Untracked 
| 118|0x0000000711c00000, 0x0000000711c00000, 0x0000000711e00000|  0%| F|  |TAMS 0x0000000711c00000, 0x0000000711c00000| Untracked 
| 119|0x0000000711e00000, 0x0000000711e00000, 0x0000000712000000|  0%| F|  |TAMS 0x0000000711e00000, 0x0000000711e00000| Untracked 
| 120|0x0000000712000000, 0x0000000712000000, 0x0000000712200000|  0%| F|  |TAMS 0x0000000712000000, 0x0000000712000000| Untracked 
| 121|0x0000000712200000, 0x0000000712271258, 0x0000000712400000| 22%| E|  |TAMS 0x0000000712200000, 0x0000000712200000| Complete 
| 122|0x0000000712400000, 0x0000000712600000, 0x0000000712600000|100%| E|CS|TAMS 0x0000000712400000, 0x0000000712400000| Complete 
| 123|0x0000000712600000, 0x0000000712800000, 0x0000000712800000|100%| E|CS|TAMS 0x0000000712600000, 0x0000000712600000| Complete 
| 124|0x0000000712800000, 0x0000000712a00000, 0x0000000712a00000|100%| E|CS|TAMS 0x0000000712800000, 0x0000000712800000| Complete 
| 125|0x0000000712a00000, 0x0000000712c00000, 0x0000000712c00000|100%| E|CS|TAMS 0x0000000712a00000, 0x0000000712a00000| Complete 
| 126|0x0000000712c00000, 0x0000000712e00000, 0x0000000712e00000|100%| E|CS|TAMS 0x0000000712c00000, 0x0000000712c00000| Complete 

Card table byte_map: [0x0000021a315b0000,0x0000021a31da0000] _byte_map_base: 0x0000021a2dd98000

Marking Bits (Prev, Next): (CMBitMap*) 0x0000021a17c7b1e0, (CMBitMap*) 0x0000021a17c7b220
 Prev Bits: [0x0000021a32590000, 0x0000021a364d0000)
 Next Bits: [0x0000021a364d0000, 0x0000021a3a410000)

Polling page: 0x0000021a21310000

Metaspace:

Usage:
  Non-class:      7.05 MB used.
      Class:    870.09 KB used.
       Both:      7.90 MB used.

Virtual space:
  Non-class space:       64.00 MB reserved,       7.19 MB ( 11%) committed,  1 nodes.
      Class space:        1.00 GB reserved,       1.00 MB ( <1%) committed,  1 nodes.
             Both:        1.06 GB reserved,       8.19 MB ( <1%) committed. 

Chunk freelists:
   Non-Class:  502.00 KB
       Class:  3.05 MB
        Both:  3.54 MB

MaxMetaspaceSize: unlimited
CompressedClassSpaceSize: 1.00 GB
Initial GC threshold: 21.00 MB
Current GC threshold: 21.00 MB
CDS: on
MetaspaceReclaimPolicy: balanced
 - commit_granule_bytes: 65536.
 - commit_granule_words: 8192.
 - virtual_space_node_default_size: 8388608.
 - enlarge_chunks_in_place: 1.
 - new_chunks_are_fully_committed: 0.
 - uncommit_free_chunks: 1.
 - use_allocation_guard: 0.


Internal statistics:

num_allocs_failed_limit: 0.
num_arena_births: 160.
num_arena_deaths: 0.
num_vsnodes_births: 2.
num_vsnodes_deaths: 0.
num_space_committed: 131.
num_space_uncommitted: 0.
num_chunks_returned_to_freelist: 0.
num_chunks_taken_from_freelist: 182.
num_chunk_merges: 0.
num_chunk_splits: 121.
num_chunks_enlarged: 79.
num_inconsistent_stats: 0.

CodeHeap 'non-profiled nmethods': size=120000Kb used=269Kb max_used=269Kb free=119730Kb
 bounds [0x0000021a28e00000, 0x0000021a29070000, 0x0000021a30330000]
CodeHeap 'profiled nmethods': size=120000Kb used=1432Kb max_used=1432Kb free=118567Kb
 bounds [0x0000021a21330000, 0x0000021a215a0000, 0x0000021a28860000]
CodeHeap 'non-nmethods': size=5760Kb used=1370Kb max_used=1383Kb free=4390Kb
 bounds [0x0000021a28860000, 0x0000021a28ad0000, 0x0000021a28e00000]
 total_blobs=1581 nmethods=962 adapters=530
 compilation: enabled
              stopped_count=0, restarted_count=0
 full_count=0

Compilation events (20 events):
Event: 1.710 Thread 0x0000021a3cef4080  953       3       sun.awt.SunHints$Value::hashCode (5 bytes)
Event: 1.710 Thread 0x0000021a3cef4080 nmethod 953 0x0000021a21492b10 code [0x0000021a21492cc0, 0x0000021a21492de8]
Event: 1.712 Thread 0x0000021a3cef4080  954       1       java.awt.Window::isShowing (5 bytes)
Event: 1.712 Thread 0x0000021a3cef4080 nmethod 954 0x0000021a28e42b10 code [0x0000021a28e42ca0, 0x0000021a28e42d78]
Event: 1.713 Thread 0x0000021a3cef4080  955       3       sun.awt.windows.WComponentPeer::postEvent (17 bytes)
Event: 1.713 Thread 0x0000021a3cef4080 nmethod 955 0x0000021a21492e90 code [0x0000021a214930a0, 0x0000021a214936f8]
Event: 1.713 Thread 0x0000021a3cef4080  956       3       sun.awt.windows.WWindowPeer::preprocessPostEvent (72 bytes)
Event: 1.713 Thread 0x0000021a3cef4080 nmethod 956 0x0000021a21493990 code [0x0000021a21493b80, 0x0000021a214942d8]
Event: 1.714 Thread 0x0000021a3cef4080  957       3       java.awt.EventQueue::coalesceMouseEvent (44 bytes)
Event: 1.714 Thread 0x0000021a3cef4080 nmethod 957 0x0000021a21494410 code [0x0000021a214945e0, 0x0000021a21494a88]
Event: 1.714 Thread 0x0000021a3cef4080  958       3       java.awt.EventQueue::setCurrentEventAndMostRecentTime (8 bytes)
Event: 1.714 Thread 0x0000021a3cef4080 nmethod 958 0x0000021a21494c10 code [0x0000021a21494e20, 0x0000021a214952d8]
Event: 1.714 Thread 0x0000021a3cef4080  959       1       javax.swing.text.View::getParent (5 bytes)
Event: 1.714 Thread 0x0000021a3cef4080 nmethod 959 0x0000021a28e42e10 code [0x0000021a28e42fa0, 0x0000021a28e43078]
Event: 1.716 Thread 0x0000021a3cef4080  961       3       sun.awt.SunToolkit::isTouchKeyboardAutoShowEnabled (4 bytes)
Event: 1.716 Thread 0x0000021a3cef4080 nmethod 961 0x0000021a21495510 code [0x0000021a214956a0, 0x0000021a21495798]
Event: 1.716 Thread 0x0000021a3cef4080  962       3       java.awt.Window::dispatchEventImpl (23 bytes)
Event: 1.717 Thread 0x0000021a3cef4080 nmethod 962 0x0000021a21495810 code [0x0000021a21495a00, 0x0000021a21496138]
Event: 1.717 Thread 0x0000021a3cef4080  963   !   3       java.awt.DefaultKeyboardFocusManager::dispatchEvent (1625 bytes)
Event: 1.722 Thread 0x0000021a3ceeb700  966       4       java.util.HashMap::getNode (150 bytes)

GC Heap History (0 events):
No events

Dll operation events (13 events):
Event: 0.008 Loaded shared library C:\Users\pulch\.jdks\openjdk-19.0.2\bin\java.dll
Event: 0.017 Loaded shared library C:\Users\pulch\.jdks\openjdk-19.0.2\bin\jsvml.dll
Event: 0.069 Loaded shared library C:\Users\pulch\.jdks\openjdk-19.0.2\bin\zip.dll
Event: 0.071 Loaded shared library C:\Users\pulch\.jdks\openjdk-19.0.2\bin\instrument.dll
Event: 0.077 Loaded shared library C:\Users\pulch\.jdks\openjdk-19.0.2\bin\net.dll
Event: 0.079 Loaded shared library C:\Users\pulch\.jdks\openjdk-19.0.2\bin\nio.dll
Event: 0.081 Loaded shared library C:\Users\pulch\.jdks\openjdk-19.0.2\bin\zip.dll
Event: 0.089 Loaded shared library C:\Program Files\JetBrains\IntelliJ IDEA Community Edition 2022.3.2\bin\breakgen64.dll
Event: 0.095 Loaded shared library C:\Users\pulch\.jdks\openjdk-19.0.2\bin\extnet.dll
Event: 0.110 Loaded shared library C:\Users\pulch\.jdks\openjdk-19.0.2\bin\jimage.dll
Event: 0.115 Loaded shared library C:\Users\pulch\.jdks\openjdk-19.0.2\bin\awt.dll
Event: 0.618 Loaded shared library C:\Users\pulch\.jdks\openjdk-19.0.2\bin\freetype.dll
Event: 0.621 Loaded shared library C:\Users\pulch\.jdks\openjdk-19.0.2\bin\fontmanager.dll

Deoptimization events (20 events):
Event: 1.092 Thread 0x0000021a3cee3f20 Uncommon trap: trap_request=0xffffff45 fr.pc=0x0000021a28e3430c relative=0x000000000000016c
Event: 1.092 Thread 0x0000021a3cee3f20 Uncommon trap: reason=unstable_if action=reinterpret pc=0x0000021a28e3430c method=java.util.concurrent.locks.ReentrantLock$NonfairSync.initialTryLock()Z @ 10 c2
Event: 1.092 Thread 0x0000021a3cee3f20 DEOPT PACKING pc=0x0000021a28e3430c sp=0x000000d5c39feed0
Event: 1.092 Thread 0x0000021a3cee3f20 DEOPT UNPACKING pc=0x0000021a288c6da3 sp=0x000000d5c39fee78 mode 2
Event: 1.092 Thread 0x0000021a3cee3f20 Uncommon trap: trap_request=0xffffff45 fr.pc=0x0000021a28e35ff4 relative=0x00000000000000d4
Event: 1.092 Thread 0x0000021a3cee3f20 Uncommon trap: reason=unstable_if action=reinterpret pc=0x0000021a28e35ff4 method=java.util.concurrent.locks.ReentrantLock$Sync.tryRelease(I)Z @ 26 c2
Event: 1.092 Thread 0x0000021a3cee3f20 DEOPT PACKING pc=0x0000021a28e35ff4 sp=0x000000d5c39feed0
Event: 1.092 Thread 0x0000021a3cee3f20 DEOPT UNPACKING pc=0x0000021a288c6da3 sp=0x000000d5c39fee70 mode 2
Event: 1.168 Thread 0x0000021a41474860 Uncommon trap: trap_request=0xffffff45 fr.pc=0x0000021a28e374b4 relative=0x0000000000000034
Event: 1.168 Thread 0x0000021a41474860 Uncommon trap: reason=unstable_if action=reinterpret pc=0x0000021a28e374b4 method=java.util.concurrent.locks.AbstractQueuedSynchronizer.signalNext(Ljava/util/concurrent/locks/AbstractQueuedSynchronizer$Node;)V @ 1 c2
Event: 1.168 Thread 0x0000021a41474860 DEOPT PACKING pc=0x0000021a28e374b4 sp=0x000000d5c45fdff0
Event: 1.168 Thread 0x0000021a41474860 DEOPT UNPACKING pc=0x0000021a288c6da3 sp=0x000000d5c45fdf80 mode 2
Event: 1.326 Thread 0x0000021a41474860 Uncommon trap: trap_request=0xffffff45 fr.pc=0x0000021a28e3b1c0 relative=0x00000000000001a0
Event: 1.326 Thread 0x0000021a41474860 Uncommon trap: reason=unstable_if action=reinterpret pc=0x0000021a28e3b1c0 method=java.util.concurrent.locks.ReentrantLock$Sync.lock()V @ 4 c2
Event: 1.326 Thread 0x0000021a41474860 DEOPT PACKING pc=0x0000021a28e3b1c0 sp=0x000000d5c45fdf70
Event: 1.326 Thread 0x0000021a41474860 DEOPT UNPACKING pc=0x0000021a288c6da3 sp=0x000000d5c45fdec0 mode 2
Event: 1.572 Thread 0x0000021a41474860 Uncommon trap: trap_request=0xffffff45 fr.pc=0x0000021a28e412c0 relative=0x0000000000000220
Event: 1.572 Thread 0x0000021a41474860 Uncommon trap: reason=unstable_if action=reinterpret pc=0x0000021a28e412c0 method=java.util.concurrent.locks.AbstractQueuedSynchronizer.signalNext(Ljava/util/concurrent/locks/AbstractQueuedSynchronizer$Node;)V @ 17 c2
Event: 1.572 Thread 0x0000021a41474860 DEOPT PACKING pc=0x0000021a28e412c0 sp=0x000000d5c45fe020
Event: 1.572 Thread 0x0000021a41474860 DEOPT UNPACKING pc=0x0000021a288c6da3 sp=0x000000d5c45fdf18 mode 2

Classes loaded (20 events):
Event: 1.169 Loading class java/awt/Cursor$CursorDisposer
Event: 1.169 Loading class java/awt/Cursor$CursorDisposer done
Event: 1.170 Loading class java/awt/Container$MouseEventTargetFilter
Event: 1.170 Loading class java/awt/Container$EventTargetFilter
Event: 1.170 Loading class java/awt/Container$EventTargetFilter done
Event: 1.170 Loading class java/awt/Container$MouseEventTargetFilter done
Event: 1.170 Loading class java/awt/LightweightDispatcher$1
Event: 1.170 Loading class java/awt/LightweightDispatcher$1 done
Event: 1.170 Loading class java/awt/event/AWTEventListenerProxy
Event: 1.170 Loading class java/awt/event/AWTEventListenerProxy done
Event: 1.171 Loading class java/awt/Toolkit$SelectiveAWTEventListener
Event: 1.171 Loading class java/awt/Toolkit$SelectiveAWTEventListener done
Event: 1.171 Loading class java/awt/Toolkit$ToolkitEventMulticaster
Event: 1.171 Loading class java/awt/Toolkit$ToolkitEventMulticaster done
Event: 1.171 Loading class java/awt/event/MouseWheelEvent
Event: 1.171 Loading class java/awt/event/MouseWheelEvent done
Event: 1.572 Loading class javax/swing/Autoscroller
Event: 1.572 Loading class javax/swing/Autoscroller done
Event: 1.642 Loading class javax/swing/text/StyledDocument
Event: 1.642 Loading class javax/swing/text/StyledDocument done

Classes unloaded (0 events):
No events

Classes redefined (0 events):
No events

Internal exceptions (16 events):
Event: 0.082 Thread 0x0000021a17c0c080 Exception <a 'java/lang/NoSuchMethodError'{0x0000000712ac6af8}: 'void java.lang.invoke.DirectMethodHandle$Holder.invokeStatic(java.lang.Object, java.lang.Object, java.lang.Object)'> (0x0000000712ac6af8) 
thrown [s\open\src\hotspot\share\interpreter\linkResolver.cpp, line 774]
Event: 0.086 Thread 0x0000021a17c0c080 Exception <a 'java/lang/NoSuchMethodError'{0x0000000712adf0f0}: 'java.lang.Object java.lang.invoke.Invokers$Holder.invokeExact_MT(java.lang.Object, java.lang.Object, java.lang.Object, java.lang.Object, java.lang.Object)'> (0x0000000712adf0f0) 
thrown [s\open\src\hotspot\share\interpreter\linkResolver.cpp, line 774]
Event: 0.096 Thread 0x0000021a412c5520 Exception <a 'java/lang/NoSuchMethodError'{0x0000000712b5a070}: 'void java.lang.invoke.DirectMethodHandle$Holder.invokeStatic(java.lang.Object, java.lang.Object)'> (0x0000000712b5a070) 
thrown [s\open\src\hotspot\share\interpreter\linkResolver.cpp, line 774]
Event: 0.104 Thread 0x0000021a17c0c080 Exception <a 'java/lang/ClassNotFoundException'{0x0000000712af1b38}: sun/awt/resources/spi/awtProvider> (0x0000000712af1b38) 
thrown [s\open\src\hotspot\share\classfile\systemDictionary.cpp, line 255]
Event: 0.128 Thread 0x0000021a17c0c080 Exception <a 'java/io/FileNotFoundException'{0x0000000712b48f18}> (0x0000000712b48f18) 
thrown [s\open\src\hotspot\share\prims\jni.cpp, line 517]
Event: 0.134 Thread 0x0000021a17c0c080 Exception <a 'java/io/FileNotFoundException'{0x0000000712be6220}> (0x0000000712be6220) 
thrown [s\open\src\hotspot\share\prims\jni.cpp, line 517]
Event: 0.194 Thread 0x0000021a17c0c080 Exception <a 'java/lang/NoSuchMethodError'{0x000000071282a5b0}: 'java.lang.Object java.lang.invoke.DirectMethodHandle$Holder.invokeStaticInit(java.lang.Object)'> (0x000000071282a5b0) 
thrown [s\open\src\hotspot\share\interpreter\linkResolver.cpp, line 774]
Event: 0.485 Thread 0x0000021a17c0c080 Exception <a 'java/lang/NoSuchMethodError'{0x0000000712960f88}: 'void java.lang.invoke.DirectMethodHandle$Holder.invokeSpecial(java.lang.Object, java.lang.Object, java.lang.Object)'> (0x0000000712960f88) 
thrown [s\open\src\hotspot\share\interpreter\linkResolver.cpp, line 774]
Event: 0.495 Thread 0x0000021a17c0c080 Exception <a 'java/lang/NoSuchMethodError'{0x000000071298b7c8}: 'java.lang.Object java.lang.invoke.DirectMethodHandle$Holder.newInvokeSpecial(java.lang.Object, java.lang.Object, java.lang.Object, java.lang.Object, java.lang.Object)'> (0x000000071298b7c8) 
thrown [s\open\src\hotspot\share\interpreter\linkResolver.cpp, line 774]
Event: 0.502 Thread 0x0000021a17c0c080 Exception <a 'java/lang/NoSuchMethodError'{0x00000007129bccb0}: 'java.lang.Object java.lang.invoke.DirectMethodHandle$Holder.invokeStatic(java.lang.Object, int, java.lang.Object)'> (0x00000007129bccb0) 
thrown [s\open\src\hotspot\share\interpreter\linkResolver.cpp, line 774]
Event: 0.527 Thread 0x0000021a17c0c080 Exception <a 'java/lang/ClassNotFoundException'{0x00000007126790a0}: com/sun/swing/internal/plaf/metal/resources/spi/metalProvider> (0x00000007126790a0) 
thrown [s\open\src\hotspot\share\classfile\systemDictionary.cpp, line 255]
Event: 0.528 Thread 0x0000021a17c0c080 Exception <a 'java/lang/ClassNotFoundException'{0x000000071267d020}: com/sun/swing/internal/plaf/basic/resources/spi/basicProvider> (0x000000071267d020) 
thrown [s\open\src\hotspot\share\classfile\systemDictionary.cpp, line 255]
Event: 0.541 Thread 0x0000021a17c0c080 Exception <a 'java/lang/NoSuchMethodError'{0x0000000712699a00}: 'int java.lang.invoke.Invokers$Holder.invokeExact_MT(java.lang.Object, java.lang.Object)'> (0x0000000712699a00) 
thrown [s\open\src\hotspot\share\interpreter\linkResolver.cpp, line 774]
Event: 0.612 Thread 0x0000021a17c0c080 Exception <a 'java/lang/NoSuchMethodError'{0x00000007126dd110}: 'void java.lang.invoke.DirectMethodHandle$Holder.invokeStaticInit(java.lang.Object)'> (0x00000007126dd110) 
thrown [s\open\src\hotspot\share\interpreter\linkResolver.cpp, line 774]
Event: 0.688 Thread 0x0000021a41474860 Exception <a 'java/lang/NoSuchMethodError'{0x00000007128f21f0}: 'void java.lang.invoke.DirectMethodHandle$Holder.invokeVirtual(java.lang.Object, java.lang.Object)'> (0x00000007128f21f0) 
thrown [s\open\src\hotspot\share\interpreter\linkResolver.cpp, line 774]
Event: 1.091 Thread 0x0000021a3cee3f20 Exception <a 'java/lang/NoSuchMethodError'{0x00000007125ad310}: 'java.lang.Object java.lang.invoke.Invokers$Holder.invokeExact_MT(java.lang.Object, java.lang.Object, java.lang.Object, java.lang.Object, java.lang.Object, java.lang.Object)'> (0x00000007125ad310) 
thrown [s\open\src\hotspot\share\interpreter\linkResolver.cpp, line 774]

VM Operations (12 events):
Event: 0.058 Executing VM operation: HandshakeAllThreads
Event: 0.058 Executing VM operation: HandshakeAllThreads done
Event: 0.091 Executing VM operation: HandshakeAllThreads
Event: 0.091 Executing VM operation: HandshakeAllThreads done
Event: 0.148 Executing VM operation: HandshakeAllThreads
Event: 0.148 Executing VM operation: HandshakeAllThreads done
Event: 0.576 Executing VM operation: HandshakeAllThreads
Event: 0.576 Executing VM operation: HandshakeAllThreads done
Event: 1.068 Executing VM operation: HandshakeAllThreads
Event: 1.068 Executing VM operation: HandshakeAllThreads done
Event: 1.068 Executing VM operation: Cleanup
Event: 1.068 Executing VM operation: Cleanup done

Events (20 events):
Event: 0.030 Thread 0x0000021a3cee10d0 Thread added: 0x0000021a3cee10d0
Event: 0.030 Thread 0x0000021a3cee3f20 Thread added: 0x0000021a3cee3f20
Event: 0.030 Thread 0x0000021a3cee4850 Thread added: 0x0000021a3cee4850
Event: 0.030 Thread 0x0000021a3cee5180 Thread added: 0x0000021a3cee5180
Event: 0.030 Thread 0x0000021a3ceeb700 Thread added: 0x0000021a3ceeb700
Event: 0.030 Thread 0x0000021a3cef4080 Thread added: 0x0000021a3cef4080
Event: 0.030 Thread 0x0000021a3cef49f0 Thread added: 0x0000021a3cef49f0
Event: 0.051 Thread 0x0000021a411ec210 Thread added: 0x0000021a411ec210
Event: 0.089 Thread 0x0000021a412c5520 Thread added: 0x0000021a412c5520
Event: 0.089 Thread 0x0000021a412c5a60 Thread added: 0x0000021a412c5a60
Event: 0.195 Thread 0x0000021a41472dd0 Thread added: 0x0000021a41472dd0
Event: 0.196 Thread 0x0000021a41474310 Thread added: 0x0000021a41474310
Event: 0.197 Thread 0x0000021a41474860 Thread added: 0x0000021a41474860
Event: 0.592 Thread 0x0000021a41471890 Thread added: 0x0000021a41471890
Event: 0.691 Thread 0x0000021a17c0c080 Thread exited: 0x0000021a17c0c080
Event: 0.691 Thread 0x0000021a41473dc0 Thread added: 0x0000021a41473dc0
Event: 1.076 Thread 0x0000021a4216f610 Thread added: 0x0000021a4216f610
Event: 1.078 Thread 0x0000021a4216fb90 Thread added: 0x0000021a4216fb90
Event: 1.202 Thread 0x0000021a4216fb90 Thread exited: 0x0000021a4216fb90
Event: 1.202 Thread 0x0000021a4216f610 Thread exited: 0x0000021a4216f610


Dynamic libraries:
0x00007ff6fdf70000 - 0x00007ff6fdf7e000 	C:\Users\pulch\.jdks\openjdk-19.0.2\bin\java.exe
0x00007ffe190d0000 - 0x00007ffe192e4000 	C:\WINDOWS\SYSTEM32\ntdll.dll
0x00007ffe17aa0000 - 0x00007ffe17b64000 	C:\WINDOWS\System32\KERNEL32.DLL
0x00007ffe16920000 - 0x00007ffe16cc4000 	C:\WINDOWS\System32\KERNELBASE.dll
0x00007ffe16cd0000 - 0x00007ffe16de1000 	C:\WINDOWS\System32\ucrtbase.dll
0x00007ffe12610000 - 0x00007ffe12627000 	C:\Users\pulch\.jdks\openjdk-19.0.2\bin\jli.dll
0x00007ffe187d0000 - 0x00007ffe1897a000 	C:\WINDOWS\System32\USER32.dll
0x00007ffe164b0000 - 0x00007ffe164d6000 	C:\WINDOWS\System32\win32u.dll
0x00007ffe17320000 - 0x00007ffe17349000 	C:\WINDOWS\System32\GDI32.dll
0x00007ffe16790000 - 0x00007ffe168a9000 	C:\WINDOWS\System32\gdi32full.dll
0x00007ffe16df0000 - 0x00007ffe16e8a000 	C:\WINDOWS\System32\msvcp_win.dll
0x00007ffe02900000 - 0x00007ffe0291b000 	C:\Users\pulch\.jdks\openjdk-19.0.2\bin\VCRUNTIME140.dll
0x00007ffe156b0000 - 0x00007ffe1593f000 	C:\WINDOWS\WinSxS\amd64_microsoft.windows.common-controls_6595b64144ccf1df_6.0.22621.2070_none_2713e6537381f706\COMCTL32.dll
0x00007ffe178c0000 - 0x00007ffe17967000 	C:\WINDOWS\System32\msvcrt.dll
0x00007ffe177f0000 - 0x00007ffe17821000 	C:\WINDOWS\System32\IMM32.DLL
0x00007ffe129e0000 - 0x00007ffe129ec000 	C:\Users\pulch\.jdks\openjdk-19.0.2\bin\vcruntime140_1.dll
0x00007ffdf7320000 - 0x00007ffdf73ae000 	C:\Users\pulch\.jdks\openjdk-19.0.2\bin\msvcp140.dll
0x00007ffdae950000 - 0x00007ffdaf610000 	C:\Users\pulch\.jdks\openjdk-19.0.2\bin\server\jvm.dll
0x00007ffe17350000 - 0x00007ffe17400000 	C:\WINDOWS\System32\ADVAPI32.dll
0x00007ffe186c0000 - 0x00007ffe18766000 	C:\WINDOWS\System32\sechost.dll
0x00007ffe18a10000 - 0x00007ffe18b27000 	C:\WINDOWS\System32\RPCRT4.dll
0x00007ffded0a0000 - 0x00007ffded0a9000 	C:\WINDOWS\SYSTEM32\WSOCK32.dll
0x00007ffe19010000 - 0x00007ffe19081000 	C:\WINDOWS\System32\WS2_32.dll
0x00007ffe0e630000 - 0x00007ffe0e63a000 	C:\WINDOWS\SYSTEM32\VERSION.dll
0x00007ffe0d710000 - 0x00007ffe0d744000 	C:\WINDOWS\SYSTEM32\WINMM.dll
0x00007ffe14cd0000 - 0x00007ffe14ce8000 	C:\WINDOWS\SYSTEM32\kernel.appcore.dll
0x00007ffe125d0000 - 0x00007ffe125da000 	C:\Users\pulch\.jdks\openjdk-19.0.2\bin\jimage.dll
0x00007ffe15e30000 - 0x00007ffe1605e000 	C:\WINDOWS\SYSTEM32\DBGHELP.DLL
0x00007ffe18c80000 - 0x00007ffe1900a000 	C:\WINDOWS\System32\combase.dll
0x00007ffe17dc0000 - 0x00007ffe17e97000 	C:\WINDOWS\System32\OLEAUT32.dll
0x00007ffe15ca0000 - 0x00007ffe15cd2000 	C:\WINDOWS\SYSTEM32\dbgcore.DLL
0x00007ffe164e0000 - 0x00007ffe1655a000 	C:\WINDOWS\System32\bcryptPrimitives.dll
0x00007ffe04160000 - 0x00007ffe0416e000 	C:\Users\pulch\.jdks\openjdk-19.0.2\bin\instrument.dll
0x00007ffe028d0000 - 0x00007ffe028f6000 	C:\Users\pulch\.jdks\openjdk-19.0.2\bin\java.dll
0x00007ffddf820000 - 0x00007ffddf8f7000 	C:\Users\pulch\.jdks\openjdk-19.0.2\bin\jsvml.dll
0x00007ffe17ea0000 - 0x00007ffe186b6000 	C:\WINDOWS\System32\SHELL32.dll
0x00007ffe13c30000 - 0x00007ffe1451a000 	C:\WINDOWS\SYSTEM32\windows.storage.dll
0x00007ffe13af0000 - 0x00007ffe13c2e000 	C:\WINDOWS\SYSTEM32\wintypes.dll
0x00007ffe18b80000 - 0x00007ffe18c73000 	C:\WINDOWS\System32\SHCORE.dll
0x00007ffe175d0000 - 0x00007ffe1762e000 	C:\WINDOWS\System32\shlwapi.dll
0x00007ffe163e0000 - 0x00007ffe16406000 	C:\WINDOWS\SYSTEM32\profapi.dll
0x00007ffe028b0000 - 0x00007ffe028c8000 	C:\Users\pulch\.jdks\openjdk-19.0.2\bin\zip.dll
0x00007ffe02890000 - 0x00007ffe028a3000 	C:\Users\pulch\.jdks\openjdk-19.0.2\bin\net.dll
0x00007ffe0e0b0000 - 0x00007ffe0e1e7000 	C:\WINDOWS\SYSTEM32\WINHTTP.dll
0x00007ffe152f0000 - 0x00007ffe15359000 	C:\WINDOWS\system32\mswsock.dll
0x00007ffe02850000 - 0x00007ffe02866000 	C:\Users\pulch\.jdks\openjdk-19.0.2\bin\nio.dll
0x00007ffe027e0000 - 0x00007ffe027fa000 	C:\Program Files\JetBrains\IntelliJ IDEA Community Edition 2022.3.2\bin\breakgen64.dll
0x00007ffe02f00000 - 0x00007ffe02f08000 	C:\Users\pulch\.jdks\openjdk-19.0.2\bin\extnet.dll
0x00007ffdae7c0000 - 0x00007ffdae950000 	C:\Users\pulch\.jdks\openjdk-19.0.2\bin\awt.dll
0x00007ffe12ae0000 - 0x00007ffe12b77000 	C:\WINDOWS\SYSTEM32\apphelp.dll
0x00007ffe134e0000 - 0x00007ffe1350b000 	C:\WINDOWS\system32\DWMAPI.DLL
0x00007ffe13260000 - 0x00007ffe1330b000 	C:\WINDOWS\system32\uxtheme.dll
0x00007ffdc6750000 - 0x00007ffdc6850000 	C:\WINDOWS\system32\opengl32.dll
0x00007ffddb2e0000 - 0x00007ffddb30d000 	C:\WINDOWS\SYSTEM32\GLU32.dll
0x00007ffe13550000 - 0x00007ffe13588000 	C:\WINDOWS\SYSTEM32\dxcore.dll
0x00007ffe17970000 - 0x00007ffe17a97000 	C:\WINDOWS\System32\MSCTF.dll
0x00007ffe17b70000 - 0x00007ffe17d0c000 	C:\WINDOWS\System32\ole32.dll
0x00007ffdc4f20000 - 0x00007ffdc50c9000 	C:\WINDOWS\system32\d3d9.dll
0x00007ffe0a9e0000 - 0x00007ffe0aa9c000 	C:\WINDOWS\System32\DriverStore\FileRepository\nvcvi.inf_amd64_4a16647cc410d4b3\nvldumdx.dll
0x00007ffe15690000 - 0x00007ffe156a2000 	C:\WINDOWS\SYSTEM32\msasn1.dll
0x00007ffe0a9a0000 - 0x00007ffe0a9d2000 	C:\WINDOWS\SYSTEM32\cryptnet.dll
0x00007ffe16620000 - 0x00007ffe16787000 	C:\WINDOWS\System32\CRYPT32.dll
0x00007ffe14f40000 - 0x00007ffe15098000 	C:\WINDOWS\SYSTEM32\drvstore.dll
0x00007ffe16170000 - 0x00007ffe1619c000 	C:\WINDOWS\SYSTEM32\devobj.dll
0x00007ffe161a0000 - 0x00007ffe161ee000 	C:\WINDOWS\SYSTEM32\cfgmgr32.dll
0x00007ffe154c0000 - 0x00007ffe1550b000 	C:\WINDOWS\SYSTEM32\wldp.dll
0x00007ffe15590000 - 0x00007ffe1559c000 	C:\WINDOWS\SYSTEM32\cryptbase.dll
0x00007ffe168b0000 - 0x00007ffe1691b000 	C:\WINDOWS\System32\wintrust.dll
0x00007ffe175b0000 - 0x00007ffe175cf000 	C:\WINDOWS\System32\imagehlp.dll
0x00007ffe16150000 - 0x00007ffe1616b000 	C:\WINDOWS\SYSTEM32\CRYPTSP.dll
0x00007ffe14c90000 - 0x00007ffe14cc5000 	C:\WINDOWS\system32\rsaenh.dll
0x00007ffe15d70000 - 0x00007ffe15d98000 	C:\WINDOWS\SYSTEM32\bcrypt.dll
0x00007ffd92460000 - 0x00007ffd955ed000 	C:\WINDOWS\System32\DriverStore\FileRepository\nvcvi.inf_amd64_4a16647cc410d4b3\nvd3dumx.dll
0x00007ffe0da10000 - 0x00007ffe0da5a000 	C:\WINDOWS\SYSTEM32\directxdatabasehelper.dll
0x00007ffd922d0000 - 0x00007ffd92435000 	C:\WINDOWS\System32\DriverStore\FileRepository\iigd_dch.inf_amd64_23a1c1315f01c788\igdumdim64.dll
0x00007ffdfed20000 - 0x00007ffdfefe8000 	C:\WINDOWS\System32\DriverStore\FileRepository\iigd_dch.inf_amd64_23a1c1315f01c788\igdgmm64.dll
0x00007ffdc88c0000 - 0x00007ffdc8b91000 	C:\WINDOWS\system32\nvspcap64.dll
0x00007ffe15da0000 - 0x00007ffe15dd4000 	C:\WINDOWS\SYSTEM32\ntmarta.dll
0x00007ffe15360000 - 0x00007ffe15386000 	C:\WINDOWS\SYSTEM32\gpapi.dll
0x00007ffdeb990000 - 0x00007ffdeba16000 	C:\Users\pulch\.jdks\openjdk-19.0.2\bin\freetype.dll
0x00007ffddb210000 - 0x00007ffddb2d6000 	C:\Users\pulch\.jdks\openjdk-19.0.2\bin\fontmanager.dll
0x00007ffe17400000 - 0x00007ffe174b0000 	C:\WINDOWS\System32\clbcatq.dll
0x00007ffe0ff40000 - 0x00007ffe100f0000 	C:\WINDOWS\SYSTEM32\WindowsCodecs.dll
0x00007ffdd6680000 - 0x00007ffdd66de000 	C:\WINDOWS\system32\dataexchange.dll
0x00007ffe0b350000 - 0x00007ffe0b5be000 	C:\WINDOWS\system32\twinapi.appcore.dll
0x00007ffdf6320000 - 0x00007ffdf644d000 	C:\WINDOWS\SYSTEM32\textinputframework.dll

dbghelp: loaded successfully - version: 4.0.5 - missing functions: none
symbol engine: initialized successfully - sym options: 0x614 - pdb path: .;C:\Users\pulch\.jdks\openjdk-19.0.2\bin;C:\WINDOWS\SYSTEM32;C:\WINDOWS\WinSxS\amd64_microsoft.windows.common-controls_6595b64144ccf1df_6.0.22621.2070_none_2713e6537381f706;C:\Users\pulch\.jdks\openjdk-19.0.2\bin\server;C:\Program Files\JetBrains\IntelliJ IDEA Community Edition 2022.3.2\bin;C:\WINDOWS\System32\DriverStore\FileRepository\nvcvi.inf_amd64_4a16647cc410d4b3;C:\WINDOWS\System32\DriverStore\FileRepository\iigd_dch.inf_amd64_23a1c1315f01c788

VM Arguments:
jvm_args: -javaagent:C:\Program Files\JetBrains\IntelliJ IDEA Community Edition 2022.3.2\lib\idea_rt.jar=61402:C:\Program Files\JetBrains\IntelliJ IDEA Community Edition 2022.3.2\bin -Dfile.encoding=UTF-8 -Dsun.stdout.encoding=UTF-8 -Dsun.stderr.encoding=UTF-8 
java_command: Calculator
java_class_path (initial): C:\Users\pulch\Desktop\java\Calculator\out\production\Calculator
Launcher Type: SUN_STANDARD

[Global flags]
     intx CICompilerCount                          = 4                                         {product} {ergonomic}
     uint ConcGCThreads                            = 2                                         {product} {ergonomic}
     uint G1ConcRefinementThreads                  = 8                                         {product} {ergonomic}
   size_t G1HeapRegionSize                         = 2097152                                   {product} {ergonomic}
    uintx GCDrainStackTargetSize                   = 64                                        {product} {ergonomic}
   size_t InitialHeapSize                          = 266338304                                 {product} {ergonomic}
   size_t MarkStackSize                            = 4194304                                   {product} {ergonomic}
   size_t MaxHeapSize                              = 4244635648                                {product} {ergonomic}
   size_t MaxNewSize                               = 2545942528                                {product} {ergonomic}
   size_t MinHeapDeltaBytes                        = 2097152                                   {product} {ergonomic}
   size_t MinHeapSize                              = 8388608                                   {product} {ergonomic}
    uintx NonNMethodCodeHeapSize                   = 5839372                                {pd product} {ergonomic}
    uintx NonProfiledCodeHeapSize                  = 122909434                              {pd product} {ergonomic}
    uintx ProfiledCodeHeapSize                     = 122909434                              {pd product} {ergonomic}
    uintx ReservedCodeCacheSize                    = 251658240                              {pd product} {ergonomic}
     bool SegmentedCodeCache                       = true                                      {product} {ergonomic}
   size_t SoftMaxHeapSize                          = 4244635648                             {manageable} {ergonomic}
     bool UseCompressedClassPointers               = true                           {product lp64_product} {ergonomic}
     bool UseCompressedOops                        = true                           {product lp64_product} {ergonomic}
     bool UseG1GC                                  = true                                      {product} {ergonomic}
     bool UseLargePagesIndividualAllocation        = false                                  {pd product} {ergonomic}

Logging:
Log output configuration:
 #0: stdout all=warning uptime,level,tags foldmultilines=false
 #1: stderr all=off uptime,level,tags foldmultilines=false

Environment Variables:
PATH=C:\Program Files (x86)\Common Files\Oracle\Java\javapath;C:\Python311\Scripts\;C:\Python311\;D:\VM\bin\;C:\Program Files\Microsoft\jdk-11.0.16.101-hotspot\bin;C:\WINDOWS\system32;C:\WINDOWS;C:\WINDOWS\System32\Wbem;C:\WINDOWS\System32\WindowsPowerShell\v1.0\;C:\WINDOWS\System32\OpenSSH\;C:\Program Files\Microsoft SQL Server\Client SDK\ODBC\110\Tools\Binn\;C:\Program Files (x86)\Microsoft SQL Server\120\Tools\Binn\;C:\Program Files\Microsoft SQL Server\120\Tools\Binn\;C:\Program Files\Microsoft SQL Server\120\DTS\Binn\;C:\Program Files (x86)\Windows Kits\8.1\Windows Performance Toolkit\;C:\Program Files\dotnet\;C:\WINDOWS\system32;C:\WINDOWS;C:\WINDOWS\System32\Wbem;C:\WINDOWS\System32\WindowsPowerShell\v1.0\;C:\WINDOWS\System32\OpenSSH\;C:\Program Files\NVIDIA Corporation\NVIDIA NvDLISR;C:\Program Files\Git\cmd;C:\Program Files\Microsoft SQL Server\Client SDK\ODBC\170\Tools\Binn\;C:\Program Files\Microsoft SQL Server\150\Tools\Binn\;C:\Program Files (x86)\Microsoft SQL Server\160\Tools\Binn\;C:\Program Files\Microsoft SQL Server\160\Tools\Binn\;C:\Program Files\Microsoft SQL Server\160\DTS\Binn\;C:\Program Files\nodejs\;C:\ProgramData\chocolatey\bin;C:\Users\pulch\AppData\Local\Microsoft\WindowsApps;C:\Users\pulch\AppData\Local\Programs\Microsoft VS Code\bin;C:\Program Files\JetBrains\IntelliJ IDEA Community Edition 2022.3.2\bin;;C:\Users\pulch\AppData\Local\GitHubDesktop\bin;C:\Program Files\Azure Data Studio\bin;C:\Program Files\nodejs;C:\Users\pulch\Desktop\stripe_1.16.0_windows_x86_64\stripe.exe;C:\Users\pulch\Desktop\php-8.2.8-nts-Win32-vs16-x64;C:\Users\pulch\AppData\Local\ComposerSetup\bin;C:\Users\pulch\AppData\Roaming\Composer\vendor\bin;C:\Users\pulch\AppData\Roaming\npm
USERNAME=pulch
OS=Windows_NT
PROCESSOR_IDENTIFIER=Intel64 Family 6 Model 158 Stepping 13, GenuineIntel
TMP=C:\Users\pulch\AppData\Local\Temp
TEMP=C:\Users\pulch\AppData\Local\Temp



---------------  S Y S T E M  ---------------

OS:
 Windows 11 , 64 bit Build 22621 (10.0.22621.2070)
OS uptime: 1 days 0:03 hours

CPU: total 8 (initial active 8) (4 cores per cpu, 2 threads per core) family 6 model 158 stepping 13 microcode 0xde, cx8, cmov, fxsr, ht, mmx, 3dnowpref, sse, sse2, sse3, ssse3, sse4.1, sse4.2, popcnt, lzcnt, tsc, tscinvbit, avx, avx2, aes, erms, clmul, bmi1, bmi2, adx, fma, vzeroupper, clflush, clflushopt, rdtscp

Memory: 4k page, system-wide physical 16184M (1745M free)
TotalPageFile size 65336M (AvailPageFile size 2M)
current process WorkingSet (physical memory assigned to process): 81M, peak: 81M
current process commit charge ("private bytes"): 376M, peak: 376M

vm_info: OpenJDK 64-Bit Server VM (19.0.2+7-44) for windows-amd64 JRE (19.0.2+7-44), built on 2022-11-30T18:02:09Z by "mach5one" with MS VC++ 17.1 (VS2022)

END.
